<?xml version="1.0" encoding="UTF-8"?>
<robot generator="Robot 7.4.1 (Python 3.14.2 on win32)" generated="2026-03-03T16:13:15.194846" rpa="false" schemaversion="5">
<suite id="s1" name="UAT Admin Reopened 005" source="D:\SE\Sprint2\Pai-num-nae\test\pbi-6\UAT_Admin_Reopened_005.robot">
<test id="s1-t1" name="UAT-Admin-Reopened-005" line="9">
<kw name="Open Browser To Login Page" owner="keywords" type="SETUP">
<kw name="Open Browser" owner="SeleniumLibrary">
<msg time="2026-03-03T16:13:15.443197" level="INFO">Opening browser 'chrome' to base url 'http://localhost:3001/'.</msg>
<msg time="2026-03-03T16:13:15.638716" level="WARN">The chromedriver version (143.0.7499.169) detected in PATH at chromedriver.EXE might not be compatible with the detected chrome version (145.0.7632.117); currently, chromedriver 145.0.7632.117 is recommended for chrome 145.*, so it is advised to delete the driver in PATH and retry</msg>
<msg time="2026-03-03T16:13:19.504502" level="INFO">Cannot capture screenshot because no browser is open.</msg>
<msg time="2026-03-03T16:13:19.504804" level="FAIL">SessionNotCreatedException: Message: session not created: This version of ChromeDriver only supports Chrome version 143
Current browser version is 145.0.7632.117 with binary path C:\Program Files\Google\Chrome\Application\chrome.exe; For documentation on this error, please visit: https://www.selenium.dev/documentation/webdriver/troubleshooting/errors#sessionnotcreatedexception
Stacktrace:
Symbols not available. Dumping unresolved backtrace:
	0x7ff7e23488e5
	0x7ff7e2348940
	0x7ff7e212165d
	0x7ff7e2167658
	0x7ff7e216644a
	0x7ff7e21609ad
	0x7ff7e215b7dd
	0x7ff7e21b0186
	0x7ff7e21afa06
	0x7ff7e216ac29
	0x7ff7e216ba93
	0x7ff7e2660640
	0x7ff7e265af80
	0x7ff7e26796e6
	0x7ff7e2365de4
	0x7ff7e236ed8c
	0x7ff7e2352004
	0x7ff7e23521b5
	0x7ff7e2337ee2
	0x7ffa7186e8d7
	0x7ffa7280c40c
</msg>
<arg>${BASE_URL}</arg>
<arg>chrome</arg>
<doc>Opens a new browser instance to the optional ``url``.</doc>
<status status="FAIL" start="2026-03-03T16:13:15.442955" elapsed="4.068507">SessionNotCreatedException: Message: session not created: This version of ChromeDriver only supports Chrome version 143
Current browser version is 145.0.7632.117 with binary path C:\Program Files\Google\Chrome\Application\chrome.exe; For documentation on this error, please visit: https://www.selenium.dev/documentation/webdriver/troubleshooting/errors#sessionnotcreatedexception
Stacktrace:
Symbols not available. Dumping unresolved backtrace:
	0x7ff7e23488e5
	0x7ff7e2348940
	0x7ff7e212165d
	0x7ff7e2167658
	0x7ff7e216644a
	0x7ff7e21609ad
	0x7ff7e215b7dd
	0x7ff7e21b0186
	0x7ff7e21afa06
	0x7ff7e216ac29
	0x7ff7e216ba93
	0x7ff7e2660640
	0x7ff7e265af80
	0x7ff7e26796e6
	0x7ff7e2365de4
	0x7ff7e236ed8c
	0x7ff7e2352004
	0x7ff7e23521b5
	0x7ff7e2337ee2
	0x7ffa7186e8d7
	0x7ffa7280c40c
</status>
</kw>
<kw name="Maximize Browser Window" owner="SeleniumLibrary">
<doc>Maximizes current browser window.</doc>
<status status="NOT RUN" start="2026-03-03T16:13:19.511976" elapsed="0.000047"/>
</kw>
<status status="FAIL" start="2026-03-03T16:13:15.442291" elapsed="4.069879">SessionNotCreatedException: Message: session not created: This version of ChromeDriver only supports Chrome version 143
Current browser version is 145.0.7632.117 with binary path C:\Program Files\Google\Chrome\Application\chrome.exe; For documentation on this error, please visit: https://www.selenium.dev/documentation/webdriver/troubleshooting/errors#sessionnotcreatedexception
Stacktrace:
Symbols not available. Dumping unresolved backtrace:
	0x7ff7e23488e5
	0x7ff7e2348940
	0x7ff7e212165d
	0x7ff7e2167658
	0x7ff7e216644a
	0x7ff7e21609ad
	0x7ff7e215b7dd
	0x7ff7e21b0186
	0x7ff7e21afa06
	0x7ff7e216ac29
	0x7ff7e216ba93
	0x7ff7e2660640
	0x7ff7e265af80
	0x7ff7e26796e6
	0x7ff7e2365de4
	0x7ff7e236ed8c
	0x7ff7e2352004
	0x7ff7e23521b5
	0x7ff7e2337ee2
	0x7ffa7186e8d7
	0x7ffa7280c40c
</status>
</kw>
<kw name="Close Browser Session" owner="keywords" type="TEARDOWN">
<kw name="Close Browser" owner="SeleniumLibrary">
<doc>Closes the current browser.</doc>
<status status="PASS" start="2026-03-03T16:13:19.513027" elapsed="0.000154"/>
</kw>
<status status="PASS" start="2026-03-03T16:13:19.512718" elapsed="0.000537"/>
</kw>
<doc>ไม่กรอกรายละเอียดในการ Re-open</doc>
<status status="FAIL" start="2026-03-03T16:13:15.441271" elapsed="4.072157">Setup failed:
SessionNotCreatedException: Message: session not created: This version of ChromeDriver only supports Chrome version 143
Current browser version is 145.0.7632.117 with binary path C:\Program Files\Google\Chrome\Application\chrome.exe; For documentation on this error, please visit: https://www.selenium.dev/documentation/webdriver/troubleshooting/errors#sessionnotcreatedexception
Stacktrace:
Symbols not available. Dumping unresolved backtrace:
	0x7ff7e23488e5
	0x7ff7e2348940
	0x7ff7e212165d
	0x7ff7e2167658
	0x7ff7e216644a
	0x7ff7e21609ad
	0x7ff7e215b7dd
	0x7ff7e21b0186
	0x7ff7e21afa06
	0x7ff7e216ac29
	0x7ff7e216ba93
	0x7ff7e2660640
	0x7ff7e265af80
	0x7ff7e26796e6
	0x7ff7e2365de4
	0x7ff7e236ed8c
	0x7ff7e2352004
	0x7ff7e23521b5
	0x7ff7e2337ee2
	0x7ffa7186e8d7
	0x7ffa7280c40c
</status>
</test>
<status status="FAIL" start="2026-03-03T16:13:15.196676" elapsed="4.317901"/>
</suite>
<statistics>
<total>
<stat pass="0" fail="1" skip="0">All Tests</stat>
</total>
<tag>
</tag>
<suite>
<stat name="UAT Admin Reopened 005" id="s1" pass="0" fail="1" skip="0">UAT Admin Reopened 005</stat>
</suite>
</statistics>
<errors>
<msg time="2026-03-03T16:13:15.638716" level="WARN">The chromedriver version (143.0.7499.169) detected in PATH at chromedriver.EXE might not be compatible with the detected chrome version (145.0.7632.117); currently, chromedriver 145.0.7632.117 is recommended for chrome 145.*, so it is advised to delete the driver in PATH and retry</msg>
</errors>
</robot>
